<?xml version="1.0" encoding="UTF-8"?>

<mule xmlns:http="http://www.mulesoft.org/schema/mule/http" xmlns="http://www.mulesoft.org/schema/mule/core"
	xmlns:doc="http://www.mulesoft.org/schema/mule/documentation"
	xmlns:spring="http://www.springframework.org/schema/beans" xmlns:xsi="http://www.w3.org/2001/XMLSchema-instance"
	xsi:schemaLocation="http://www.springframework.org/schema/beans http://www.springframework.org/schema/beans/spring-beans-current.xsd
http://www.mulesoft.org/schema/mule/core http://www.mulesoft.org/schema/mule/core/current/mule.xsd
http://www.mulesoft.org/schema/mule/http http://www.mulesoft.org/schema/mule/http/current/mule-http.xsd">
	<http:request-config name="HTTP_Request_Configuration"
		host="localhost" port="8081" doc:name="HTTP Request Configuration" />
	<flow name="test-domain2Flow">
		<http:listener config-ref="HTTP_Listener_Configuration2"
			path="/path2" doc:name="HTTP" />
        <logger level="INFO" doc:name="Logger"/>
		<http:request config-ref="HTTP_Request_Configuration"
			path="/path1" method="GET" doc:name="HTTP" />
        <logger level="INFO" doc:name="Logger"/>
	</flow>
<!-- 	<spring:beans>
		<spring:import resource="classpath:co/elastic/apm/mule/tracer.xml" />
	</spring:beans> -->
</mule>
